<?xml version="1.0" encoding="UTF-8"?>
<testng-results ignored="0" total="1" passed="1" failed="0" skipped="0">
  <reporter-output>
  </reporter-output>
  <suite started-at="2024-09-25T18:19:26 IST" name="Default suite" finished-at="2024-09-25T18:19:44 IST" duration-ms="18026">
    <groups>
    </groups>
    <test started-at="2024-09-25T18:19:26 IST" name="Default test" finished-at="2024-09-25T18:19:44 IST" duration-ms="18026">
      <class name="haire_testclass.TC08_VerifyReuploadingResume">
        <test-method is-config="true" signature="setup()[pri:0, instance:haire_testclass.TC08_VerifyReuploadingResume@614ca7df]" started-at="2024-09-25T18:19:26 IST" name="setup" finished-at="2024-09-25T18:19:36 IST" duration-ms="10367" status="PASS">
          <reporter-output>
          </reporter-output>
        </test-method> <!-- setup -->
        <test-method signature="Verifyreuploadingresume()[pri:0, instance:haire_testclass.TC08_VerifyReuploadingResume@614ca7df]" started-at="2024-09-25T18:19:36 IST" name="Verifyreuploadingresume" finished-at="2024-09-25T18:19:44 IST" duration-ms="7629" status="PASS">
          <reporter-output>
          </reporter-output>
        </test-method> <!-- Verifyreuploadingresume -->
      </class> <!-- haire_testclass.TC08_VerifyReuploadingResume -->
    </test> <!-- Default test -->
  </suite> <!-- Default suite -->
</testng-results>
